Determining if the pthread_create exist failed with the following output:
Change Dir: /root/ltp/ltpbuild/CMakeFiles/CMakeTmp

Run Build Command:"/usr/local/bin/gmake" "cmTC_6ccb2/fast"
/usr/local/bin/gmake -f CMakeFiles/cmTC_6ccb2.dir/build.make CMakeFiles/cmTC_6ccb2.dir/build
gmake[1]: Entering directory '/root/ltp/ltpbuild/CMakeFiles/CMakeTmp'
Building C object CMakeFiles/cmTC_6ccb2.dir/CheckSymbolExists.c.o
/usr/bin/cc    -o CMakeFiles/cmTC_6ccb2.dir/CheckSymbolExists.c.o   -c /root/ltp/ltpbuild/CMakeFiles/CMakeTmp/CheckSymbolExists.c
Linking C executable cmTC_6ccb2
/usr/local/bin/cmake -E cmake_link_script CMakeFiles/cmTC_6ccb2.dir/link.txt --verbose=1
/usr/bin/cc      CMakeFiles/cmTC_6ccb2.dir/CheckSymbolExists.c.o  -o cmTC_6ccb2 
CMakeFiles/cmTC_6ccb2.dir/CheckSymbolExists.c.o: In function `main':
/root/ltp/ltpbuild/CMakeFiles/CMakeTmp/CheckSymbolExists.c:(.text+0x1f): undefined reference to `pthread_create'
cc: error: linker command failed with exit code 1 (use -v to see invocation)
gmake[1]: *** [CMakeFiles/cmTC_6ccb2.dir/build.make:98: cmTC_6ccb2] Error 1
gmake[1]: Leaving directory '/root/ltp/ltpbuild/CMakeFiles/CMakeTmp'
gmake: *** [Makefile:126: cmTC_6ccb2/fast] Error 2

File /root/ltp/ltpbuild/CMakeFiles/CMakeTmp/CheckSymbolExists.c:
/* */
#include <pthread.h>

int main(int argc, char** argv)
{
  (void)argv;
#ifndef pthread_create
  return ((int*)(&pthread_create))[argc];
#else
  (void)argc;
  return 0;
#endif
}

Determining if the function pthread_create exists in the pthreads failed with the following output:
Change Dir: /root/ltp/ltpbuild/CMakeFiles/CMakeTmp

Run Build Command:"/usr/local/bin/gmake" "cmTC_ae428/fast"
/usr/local/bin/gmake -f CMakeFiles/cmTC_ae428.dir/build.make CMakeFiles/cmTC_ae428.dir/build
gmake[1]: Entering directory '/root/ltp/ltpbuild/CMakeFiles/CMakeTmp'
Building C object CMakeFiles/cmTC_ae428.dir/CheckFunctionExists.c.o
/usr/bin/cc   -DCHECK_FUNCTION_EXISTS=pthread_create   -o CMakeFiles/cmTC_ae428.dir/CheckFunctionExists.c.o   -c /usr/local/share/cmake/Modules/CheckFunctionExists.c
Linking C executable cmTC_ae428
/usr/local/bin/cmake -E cmake_link_script CMakeFiles/cmTC_ae428.dir/link.txt --verbose=1
/usr/bin/cc  -DCHECK_FUNCTION_EXISTS=pthread_create    CMakeFiles/cmTC_ae428.dir/CheckFunctionExists.c.o  -o cmTC_ae428 -lpthreads 
/usr/bin/ld: cannot find -lpthreads
cc: error: linker command failed with exit code 1 (use -v to see invocation)
gmake[1]: *** [CMakeFiles/cmTC_ae428.dir/build.make:98: cmTC_ae428] Error 1
gmake[1]: Leaving directory '/root/ltp/ltpbuild/CMakeFiles/CMakeTmp'
gmake: *** [Makefile:126: cmTC_ae428/fast] Error 2


